<html>
<head>
<title>TestNG:  OneSight Smoke Testing</title>
<link href="../testng.css" rel="stylesheet" type="text/css" />
<link href="../my-testng.css" rel="stylesheet" type="text/css" />

<style type="text/css">
.log { display: none;} 
.stack-trace { display: none;} 
</style>
<script type="text/javascript">
<!--
function flip(e) {
  current = e.style.display;
  if (current == 'block') {
    e.style.display = 'none';
    return 0;
  }
  else {
    e.style.display = 'block';
    return 1;
  }
}

function toggleBox(szDivId, elem, msg1, msg2)
{
  var res = -1;  if (document.getElementById) {
    res = flip(document.getElementById(szDivId));
  }
  else if (document.all) {
    // this is the way old msie versions work
    res = flip(document.all[szDivId]);
  }
  if(elem) {
    if(res == 0) elem.innerHTML = msg1; else elem.innerHTML = msg2;
  }

}

function toggleAllBoxes() {
  if (document.getElementsByTagName) {
    d = document.getElementsByTagName('div');
    for (i = 0; i < d.length; i++) {
      if (d[i].className == 'log') {
        flip(d[i]);
      }
    }
  }
}

// -->
</script>

</head>
<body>
<h2 align='center'>OneSight Smoke Testing</h2><table border='1' align="center">
<tr>
<td>Tests passed/Failed/Skipped:</td><td>0/1/0</td>
</tr><tr>
<td>Started on:</td><td>Tue Sep 10 02:00:48 EDT 2019</td>
</tr>
<tr><td>Total time:</td><td>31 seconds (31951 ms)</td>
</tr><tr>
<td>Included groups:</td><td></td>
</tr><tr>
<td>Excluded groups:</td><td></td>
</tr>
</table><p/>
<small><i>(Hover the method name to see the test class name)</i></small><p/>
<table width='100%' border='1' class='invocation-failed'>
<tr><td colspan='4' align='center'><b>FAILED TESTS</b></td></tr>
<tr><td><b>Test method</b></td>
<td width="30%"><b>Exception</b></td>
<td width="10%"><b>Time (seconds)</b></td>
<td><b>Instance</b></td>
</tr>
<tr>
<td title='com.os.qa.runner.TestRunner.feature()'><b>feature</b><br>Test class: com.os.qa.runner.TestRunner<br>Test method: Runs Cucumber Feature<br>Parameters: Login Feature Test<br/>
<a href="#Output-330128595" onClick='toggleBox("Output-330128595", this, "Show output", "Hide output");'>Show output</a>

<a href="#Output-330128595" onClick="toggleAllBoxes();">Show all outputs</a>
<div class='log' id="Output-330128595">
LOG : INFO - Config File loaded<br/>
LOG : INFO - Config File loaded<br/>
LOG : INFO - Config File loaded<br/>
LOG : INFO - Config File loaded<br/>
LOG : INFO - Config File loaded<br/>
LOG : INFO - Config File loaded<br/>
LOG : INFO - Config File loaded<br/>
LOG : INFO - Config File loaded<br/>
LOG : INFO - Config File loaded<br/>
LOG : INFO - Config File loaded<br/>
LOG : INFO - Config File loaded<br/>
LOG : INFO - Config File loaded<br/>
LOG : INFO - Config File loaded<br/>
LOG : INFO - Config File loaded<br/>
LOG : INFO - Config File loaded<br/>
LOG : INFO - Config File loaded<br/>
</div>
</td>
<td><div><pre>cucumber.runtime.CucumberException: org.openqa.selenium.ElementClickInterceptedException: element click intercepted: Element &lt;iframe frameborder=&quot;0&quot; style=&quot;z-index:10003;display: block; padding: 0; margin: 0; width:100%; height: 467px; &quot; id=&quot;DialogFrame_0&quot; src=&quot;http://OS-2K12-VM336:8080/Role.do&quot; cd_frame_id_=&quot;ec93dab816447f2fa34093d1088d369b&quot;&gt;&lt;/iframe&gt; is not clickable at point (365, 477). Other element would receive the click: &lt;iframe frameborder=&quot;0&quot; style=&quot;z-index:10003;display: block; padding: 0; margin: 0; width:100%; height: 507px; &quot; id=&quot;DialogFrame_1&quot; src=&quot;/RoleAdd.do&quot; cd_frame_id_=&quot;7fd37c11677811990544dc3326400a1c&quot;&gt;&lt;/iframe&gt;
  (Session info: chrome=76.0.3809.132)
Build info: version: &apos;3.14.0&apos;, revision: &apos;aacccce0&apos;, time: &apos;2018-08-02T20:19:58.91Z&apos;
System info: host: &apos;OS-2K12-VM385&apos;, ip: &apos;10.90.20.63&apos;, os.name: &apos;Windows Server 2012 R2&apos;, os.arch: &apos;amd64&apos;, os.version: &apos;6.3&apos;, java.version: &apos;1.8.0_191&apos;
Driver info: org.openqa.selenium.chrome.ChromeDriver
Capabilities {acceptInsecureCerts: false, browserName: chrome, browserVersion: 76.0.3809.132, chrome: {chromedriverVersion: 76.0.3809.126 (d80a294506b4..., userDataDir: C:\Users\ADMINI~1\AppData\L...}, goog:chromeOptions: {debuggerAddress: localhost:55055}, javascriptEnabled: true, networkConnectionEnabled: false, pageLoadStrategy: normal, platform: XP, platformName: XP, proxy: Proxy(), setWindowRect: true, strictFileInteractability: false, timeouts: {implicit: 0, pageLoad: 300000, script: 30000}, unhandledPromptBehavior: dismiss and notify}
Session ID: eeb6d26665f8719f0424d29526d3ffb1
	at cucumber.api.testng.TestNGCucumberRunner.runCucumber(TestNGCucumberRunner.java:69)
	at cucumber.api.testng.AbstractTestNGCucumberTests.feature(AbstractTestNGCucumberTests.java:21)
Caused by: org.openqa.selenium.ElementClickInterceptedException: element click intercepted: Element &lt;iframe frameborder=&quot;0&quot; style=&quot;z-index:10003;display: block; padding: 0; margin: 0; width:100%; height: 467px; &quot; id=&quot;DialogFrame_0&quot; src=&quot;http://OS-2K12-VM336:8080/Role.do&quot; cd_frame_id_=&quot;ec93dab816447f2fa34093d1088d369b&quot;&gt;&lt;/iframe&gt; is not clickable at point (365, 477). Other element would receive the click: &lt;iframe frameborder=&quot;0&quot; style=&quot;z-index:10003;display: block; padding: 0; margin: 0; width:100%; height: 507px; &quot; id=&quot;DialogFrame_1&quot; src=&quot;/RoleAdd.do&quot; cd_frame_id_=&quot;7fd37c11677811990544dc3326400a1c&quot;&gt;&lt;/iframe&gt;
  (Session info: chrome=76.0.3809.132)
Build info: version: &apos;3.14.0&apos;, revision: &apos;aacccce0&apos;, time: &apos;2018-08-02T20:19:58.91Z&apos;
System info: host: &apos;OS-2K12-VM385&apos;, ip: &apos;10.90.20.63&apos;, os.name: &apos;Windows Server 2012 R2&apos;, os.arch: &apos;amd64&apos;, os.version: &apos;6.3&apos;, java.version: &apos;1.8.0_191&apos;
Driver info: org.openqa.selenium.chrome.ChromeDriver
Capabilities {acceptInsecureCerts: false, browserName: chrome, browserVersion: 76.0.3809.132, chrome: {chromedriverVersion: 76.0.3809.126 (d80a294506b4..., userDataDir: C:\Users\ADMINI~1\AppData\L...}, goog:chromeOptions: {debuggerAddress: localhost:55055}, javascriptEnabled: true, networkConnectionEnabled: false, pageLoadStrategy: normal, platform: XP, platformName: XP, proxy: Proxy(), setWindowRect: true, strictFileInteractability: false, timeouts: {implicit: 0, pageLoad: 300000, script: 30000}, unhandledPromptBehavior: dismiss and notify}
Session ID: eeb6d26665f8719f0424d29526d3ffb1
	at org.openqa.selenium.remote.http.W3CHttpResponseCodec.createException(W3CHttpResponseCodec.java:187)
	at org.openqa.selenium.remote.http.W3CHttpResponseCodec.decode(W3CHttpResponseCodec.java:122)
	at org.openqa.selenium.remote.http.W3CHttpResponseCodec.decode(W3CHttpResponseCodec.java:49)
	at org.openqa.selenium.remote.HttpCommandExecutor.execute(HttpCommandExecutor.java:158)
	at org.openqa.selenium.remote.service.DriverCommandExecutor.execute(DriverCommandExecutor.java:83)
	at org.openqa.selenium.remote.RemoteWebDriver.execute(RemoteWebDriver.java:548)
	at org.openqa.selenium.remote.RemoteWebElement.execute(RemoteWebElement.java:276)
	at org.openqa.selenium.remote.RemoteWebElement.click(RemoteWebElement.java:83)
	at org.openqa.selenium.support.events.EventFiringWebDriver$EventFiringWebElement.lambda$new$0(EventFiringWebDriver.java:403)
	at com.sun.proxy.$Proxy20.click(Unknown Source)
	at org.openqa.selenium.support.events.EventFiringWebDriver$EventFiringWebElement.click(EventFiringWebDriver.java:416)
	at org.openqa.selenium.support.pagefactory.internal.LocatingElementHandler.invoke(LocatingElementHandler.java:51)
	at com.sun.proxy.$Proxy19.click(Unknown Source)
	at com.os.qa.pages.RolesPage.clickCloseRoles(RolesPage.java:63)
	at com.os.qa.stepDefinitions.HomePageSteps.user_closes_add_role_window(HomePageSteps.java:160)
	at ?.Then user closes add role window(login.feature:84)
... Removed 37 stack frames</pre></div><a href='#' onClick='toggleBox("stack-trace330128595", this, "Click to show all stack frames", "Click to hide stack frames")'>Click to show all stack frames</a>
<div class='stack-trace' id='stack-trace330128595'><pre>cucumber.runtime.CucumberException: org.openqa.selenium.ElementClickInterceptedException: element click intercepted: Element &lt;iframe frameborder=&quot;0&quot; style=&quot;z-index:10003;display: block; padding: 0; margin: 0; width:100%; height: 467px; &quot; id=&quot;DialogFrame_0&quot; src=&quot;http://OS-2K12-VM336:8080/Role.do&quot; cd_frame_id_=&quot;ec93dab816447f2fa34093d1088d369b&quot;&gt;&lt;/iframe&gt; is not clickable at point (365, 477). Other element would receive the click: &lt;iframe frameborder=&quot;0&quot; style=&quot;z-index:10003;display: block; padding: 0; margin: 0; width:100%; height: 507px; &quot; id=&quot;DialogFrame_1&quot; src=&quot;/RoleAdd.do&quot; cd_frame_id_=&quot;7fd37c11677811990544dc3326400a1c&quot;&gt;&lt;/iframe&gt;
  (Session info: chrome=76.0.3809.132)
Build info: version: &apos;3.14.0&apos;, revision: &apos;aacccce0&apos;, time: &apos;2018-08-02T20:19:58.91Z&apos;
System info: host: &apos;OS-2K12-VM385&apos;, ip: &apos;10.90.20.63&apos;, os.name: &apos;Windows Server 2012 R2&apos;, os.arch: &apos;amd64&apos;, os.version: &apos;6.3&apos;, java.version: &apos;1.8.0_191&apos;
Driver info: org.openqa.selenium.chrome.ChromeDriver
Capabilities {acceptInsecureCerts: false, browserName: chrome, browserVersion: 76.0.3809.132, chrome: {chromedriverVersion: 76.0.3809.126 (d80a294506b4..., userDataDir: C:\Users\ADMINI~1\AppData\L...}, goog:chromeOptions: {debuggerAddress: localhost:55055}, javascriptEnabled: true, networkConnectionEnabled: false, pageLoadStrategy: normal, platform: XP, platformName: XP, proxy: Proxy(), setWindowRect: true, strictFileInteractability: false, timeouts: {implicit: 0, pageLoad: 300000, script: 30000}, unhandledPromptBehavior: dismiss and notify}
Session ID: eeb6d26665f8719f0424d29526d3ffb1
	at cucumber.api.testng.TestNGCucumberRunner.runCucumber(TestNGCucumberRunner.java:69)
	at cucumber.api.testng.AbstractTestNGCucumberTests.feature(AbstractTestNGCucumberTests.java:21)
	at sun.reflect.NativeMethodAccessorImpl.invoke0(Native Method)
	at sun.reflect.NativeMethodAccessorImpl.invoke(NativeMethodAccessorImpl.java:62)
	at sun.reflect.DelegatingMethodAccessorImpl.invoke(DelegatingMethodAccessorImpl.java:43)
	at java.lang.reflect.Method.invoke(Method.java:498)
	at org.testng.internal.MethodInvocationHelper.invokeMethod(MethodInvocationHelper.java:124)
	at org.testng.internal.Invoker.invokeMethod(Invoker.java:583)
	at org.testng.internal.Invoker.invokeTestMethod(Invoker.java:719)
	at org.testng.internal.Invoker.invokeTestMethods(Invoker.java:989)
	at org.testng.internal.TestMethodWorker.invokeTestMethods(TestMethodWorker.java:125)
	at org.testng.internal.TestMethodWorker.run(TestMethodWorker.java:109)
	at org.testng.TestRunner.privateRun(TestRunner.java:648)
	at org.testng.TestRunner.run(TestRunner.java:505)
	at org.testng.SuiteRunner.runTest(SuiteRunner.java:455)
	at org.testng.SuiteRunner.runSequentially(SuiteRunner.java:450)
	at org.testng.SuiteRunner.privateRun(SuiteRunner.java:415)
	at org.testng.SuiteRunner.run(SuiteRunner.java:364)
	at org.testng.SuiteRunnerWorker.runSuite(SuiteRunnerWorker.java:52)
	at org.testng.SuiteRunnerWorker.run(SuiteRunnerWorker.java:84)
	at org.testng.TestNG.runSuitesSequentially(TestNG.java:1208)
	at org.testng.TestNG.runSuitesLocally(TestNG.java:1137)
	at org.testng.TestNG.runSuites(TestNG.java:1049)
	at org.testng.TestNG.run(TestNG.java:1017)
	at org.testng.remote.AbstractRemoteTestNG.run(AbstractRemoteTestNG.java:115)
	at org.testng.remote.RemoteTestNG.initAndRun(RemoteTestNG.java:251)
	at org.testng.remote.RemoteTestNG.main(RemoteTestNG.java:77)
Caused by: org.openqa.selenium.ElementClickInterceptedException: element click intercepted: Element &lt;iframe frameborder=&quot;0&quot; style=&quot;z-index:10003;display: block; padding: 0; margin: 0; width:100%; height: 467px; &quot; id=&quot;DialogFrame_0&quot; src=&quot;http://OS-2K12-VM336:8080/Role.do&quot; cd_frame_id_=&quot;ec93dab816447f2fa34093d1088d369b&quot;&gt;&lt;/iframe&gt; is not clickable at point (365, 477). Other element would receive the click: &lt;iframe frameborder=&quot;0&quot; style=&quot;z-index:10003;display: block; padding: 0; margin: 0; width:100%; height: 507px; &quot; id=&quot;DialogFrame_1&quot; src=&quot;/RoleAdd.do&quot; cd_frame_id_=&quot;7fd37c11677811990544dc3326400a1c&quot;&gt;&lt;/iframe&gt;
  (Session info: chrome=76.0.3809.132)
Build info: version: &apos;3.14.0&apos;, revision: &apos;aacccce0&apos;, time: &apos;2018-08-02T20:19:58.91Z&apos;
System info: host: &apos;OS-2K12-VM385&apos;, ip: &apos;10.90.20.63&apos;, os.name: &apos;Windows Server 2012 R2&apos;, os.arch: &apos;amd64&apos;, os.version: &apos;6.3&apos;, java.version: &apos;1.8.0_191&apos;
Driver info: org.openqa.selenium.chrome.ChromeDriver
Capabilities {acceptInsecureCerts: false, browserName: chrome, browserVersion: 76.0.3809.132, chrome: {chromedriverVersion: 76.0.3809.126 (d80a294506b4..., userDataDir: C:\Users\ADMINI~1\AppData\L...}, goog:chromeOptions: {debuggerAddress: localhost:55055}, javascriptEnabled: true, networkConnectionEnabled: false, pageLoadStrategy: normal, platform: XP, platformName: XP, proxy: Proxy(), setWindowRect: true, strictFileInteractability: false, timeouts: {implicit: 0, pageLoad: 300000, script: 30000}, unhandledPromptBehavior: dismiss and notify}
Session ID: eeb6d26665f8719f0424d29526d3ffb1
	at sun.reflect.NativeConstructorAccessorImpl.newInstance0(Native Method)
	at sun.reflect.NativeConstructorAccessorImpl.newInstance(NativeConstructorAccessorImpl.java:62)
	at sun.reflect.DelegatingConstructorAccessorImpl.newInstance(DelegatingConstructorAccessorImpl.java:45)
	at java.lang.reflect.Constructor.newInstance(Constructor.java:423)
	at org.openqa.selenium.remote.http.W3CHttpResponseCodec.createException(W3CHttpResponseCodec.java:187)
	at org.openqa.selenium.remote.http.W3CHttpResponseCodec.decode(W3CHttpResponseCodec.java:122)
	at org.openqa.selenium.remote.http.W3CHttpResponseCodec.decode(W3CHttpResponseCodec.java:49)
	at org.openqa.selenium.remote.HttpCommandExecutor.execute(HttpCommandExecutor.java:158)
	at org.openqa.selenium.remote.service.DriverCommandExecutor.execute(DriverCommandExecutor.java:83)
	at org.openqa.selenium.remote.RemoteWebDriver.execute(RemoteWebDriver.java:548)
	at org.openqa.selenium.remote.RemoteWebElement.execute(RemoteWebElement.java:276)
	at org.openqa.selenium.remote.RemoteWebElement.click(RemoteWebElement.java:83)
	at sun.reflect.NativeMethodAccessorImpl.invoke0(Native Method)
	at sun.reflect.NativeMethodAccessorImpl.invoke(NativeMethodAccessorImpl.java:62)
	at sun.reflect.DelegatingMethodAccessorImpl.invoke(DelegatingMethodAccessorImpl.java:43)
	at java.lang.reflect.Method.invoke(Method.java:498)
	at org.openqa.selenium.support.events.EventFiringWebDriver$EventFiringWebElement.lambda$new$0(EventFiringWebDriver.java:403)
	at com.sun.proxy.$Proxy20.click(Unknown Source)
	at org.openqa.selenium.support.events.EventFiringWebDriver$EventFiringWebElement.click(EventFiringWebDriver.java:416)
	at sun.reflect.NativeMethodAccessorImpl.invoke0(Native Method)
	at sun.reflect.NativeMethodAccessorImpl.invoke(NativeMethodAccessorImpl.java:62)
	at sun.reflect.DelegatingMethodAccessorImpl.invoke(DelegatingMethodAccessorImpl.java:43)
	at java.lang.reflect.Method.invoke(Method.java:498)
	at org.openqa.selenium.support.pagefactory.internal.LocatingElementHandler.invoke(LocatingElementHandler.java:51)
	at com.sun.proxy.$Proxy19.click(Unknown Source)
	at com.os.qa.pages.RolesPage.clickCloseRoles(RolesPage.java:63)
	at com.os.qa.stepDefinitions.HomePageSteps.user_closes_add_role_window(HomePageSteps.java:160)
	at ?.Then user closes add role window(login.feature:84)
</pre></div></td>
<td>31</td>
<td>com.os.qa.runner.TestRunner@59494225</td></tr>
</table><p>
</body>
</html>